[www.universe.com/index.html]
[backblue.gif]
[fade.gif]
[index.html]
[cdn.prod.website-files.com/64628d0a55b289f26f93662f/css/universe-static.shared.9fd7f5063.min.css]
[cdn.prod.website-files.com/64628d0a55b289f26f93662f/64628d0a55b289f26f936646_favicon-32x32.png]
[cdn.prod.website-files.com/64628d0a55b289f26f93662f/64628d0a55b289f26f936647_universe-favicon-256x256.png]
[cdn.transifex.com/live.js]
[www.universe.com/sign-in1b44.html]
[www.universe.com/sign-in.html]
[cdn.jsdelivr.net/npm/swiper@11/swiper-bundle.min.css]
[www.universe.com/dashboard.html]
[www.universe.com/create.html]
[www.universe.com/features.html]
[www.universe.com/attractions.html]
[www.universe.com/clubs.html]
[www.universe.com/discover.html]
[www.universe.com/sign-inc3d2.html]
[www.universe.com/sign-inbc9c.html]
[www.universe.com/sign-upc3d2.html]
[www.universe.com/partner-with-us.html]
[cdn.prod.website-files.com/64628d0a55b289f26f93662f/66310c3896dca857f2f919d2_grow-ill-1.jpg]
[cdn.prod.website-files.com/64628d0a55b289f26f93662f/66310c3896dca857f2f918f6_grow-ill-3.png]
[cdn.prod.website-files.com/64628d0a55b289f26f93662f/66310c3796dca857f2f91710_grow-ill-2.png]
[www.universe.com/features-convert.html]
[cdn.prod.website-files.com/64628d0a55b289f26f93662f/66310c3996dca857f2f91a1c_654d2ea557d98c05c380eced_lockup_ic_Analytics_horiz_272px_clr-p-1080.png]
[cdn.prod.website-files.com/64628d0a55b289f26f93662f/66310c3996dca857f2f91aa8_654d2eaa855de1fd9d2c88b1_Google_Ads_logo.svg-p-500.png]
[cdn.prod.website-files.com/64628d0a55b289f26f93662f/66310c3896dca857f2f91a04_654d2f0d005dfd7b9d6ff465_2560px-Zapier_logo.svg-p-500.png]
[cdn.prod.website-files.com/64628d0a55b289f26f93662f/66310c3996dca857f2f91a6b_654d2ea5c9a4800debe13af7_61234779949475f43b19f496_Audience_Republic_Logo-p-500.png]
[www.universe.com/features-create.html]
[cdn.prod.website-files.com/64628d0a55b289f26f93662f/66310c3e96dca857f2f91e25_Frame 6960547.png]
[cdn.prod.website-files.com/64628d0a55b289f26f93662f/66310c3d96dca857f2f91cf8_Frame 6960549.png]
[cdn.prod.website-files.com/64628d0a55b289f26f93662f/66310c3e96dca857f2f91da9_Frame 6960550.png]
[cdn.prod.website-files.com/64628d0a55b289f26f93662f/66310c3f96dca857f2f91e60_Frame 6960551.png]
[cdn.prod.website-files.com/64628d0a55b289f26f93662f/66310c3e96dca857f2f91e4c_Frame 6960552.png]
[cdn.prod.website-files.com/64628d0a55b289f26f93662f/66310c3d96dca857f2f91c86_Frame 6960535.png]
[cdn.prod.website-files.com/64628d0a55b289f26f93662f/66310c3c96dca857f2f91c0d_Frame 6960542.png]
[cdn.prod.website-files.com/64628d0a55b289f26f93662f/66310c3e96dca857f2f91dfd_Frame 6960536.png]
[cdn.prod.website-files.com/64628d0a55b289f26f93662f/66310c3c96dca857f2f91beb_Frame 6960539.png]
[cdn.prod.website-files.com/64628d0a55b289f26f93662f/66310c3d96dca857f2f91c6c_Frame 6960537.png]
[cdn.prod.website-files.com/64628d0a55b289f26f93662f/66310c3c96dca857f2f91be0_Frame 6960545.png]
[cdn.prod.website-files.com/64628d0a55b289f26f93662f/66310c3c96dca857f2f91c3b_Frame 6960540.png]
[cdn.prod.website-files.com/64628d0a55b289f26f93662f/66310c3c96dca857f2f91bc7_Frame 6960544.png]
[cdn.prod.website-files.com/64628d0a55b289f26f93662f/66310c3c96dca857f2f91c02_Frame 6960543.png]
[cdn.prod.website-files.com/64628d0a55b289f26f93662f/66310c3d96dca857f2f91c51_Frame 6960538.png]
[cdn.prod.website-files.com/64628d0a55b289f26f93662f/66310c3d96dca857f2f91c96_Frame 6960541.png]
[www.universe.com/features-promote.html]
[cdn.prod.website-files.com/64628d0a55b289f26f93662f/66310c3b96dca857f2f91ba1_globe.jpg]
[www.universe.com/about.html]
[www.universe.com/careers.html]
[www.universe.com/contact-us/demo.html]
[www.universe.com/terms.html]
[www.universe.com/terms-of-use.html]
[www.universe.com/privacy.html]
[www.universe.com/cookies.html]
[d3e54v103j8qbb.cloudfront.net/js/jquery-3.5.1.min.dc5e7f18c8b428.js]
[cdn.prod.website-files.com/64628d0a55b289f26f93662f/js/universe-static.schunk.fef89648cd02fb8a.js]
[cdn.prod.website-files.com/64628d0a55b289f26f93662f/js/universe-static.schunk.57d5559d2f0cd9f8.js]
[cdn.prod.website-files.com/64628d0a55b289f26f93662f/js/universe-static.3839b89a.493e64e5529563ef.js]
[www.universe.com/index.html]
[cdn.prod.website-files.com/64628d0a55b289f26f93662f/css/universe-static.shared.9fd7f5063.min.css]
[cdn.jsdelivr.net/npm/swiper@11/swiper-bundle.min.js]
[www.universe.com/multiverse/assets/apple-touch-icon-152x152-3ee2f051700db4feb63e3385ed9e1ade.png]
[www.universe.com/multiverse/assets/apple-touch-icon-144x144-75fd26c3c59392f0f2ff6d771e1e4c1e.png]
[www.universe.com/multiverse/assets/apple-touch-icon-120x120-b51a15089acb39cb16de3741bd50b143.png]
[www.universe.com/multiverse/assets/apple-touch-icon-114x114-2c3deeefb52a36e1dc68836e10d50e5a.png]
[www.universe.com/multiverse/assets/apple-touch-icon-76x76-518e233d6e7e442667860aeec046a7e8.png]
[www.universe.com/multiverse/assets/apple-touch-icon-72x72-dddff34c399bdb069deed4af1f44929c.png]
[www.universe.com/multiverse/assets/apple-touch-icon-57x57-dc48dc1839e5e7401c5b4beccd693ee7.png]
[cdnjs.cloudflare.com/ajax/libs/cookieconsent2/3.0.3/cookieconsent.min.css]
[www.universe.com/embed2.js]
[cdn.ravenjs.com/3.12.1/ember/raven.min.js]
[www.universe.com/multiverse/assets/intl/polyfill/Intl.min-4300b32b1b4a67e942bf6548045b1127.js]
[www.universe.com/multiverse/assets/intl/polyfill/locales/en-496489203aeb07d6f18114fca18d7a64.js]
[www.universe.com/multiverse/assets/intl/polyfill/locales/fr-f3e43237b3cf098ef6b1068692d33404.js]
[cdnjs.cloudflare.com/ajax/libs/cookieconsent2/3.0.3/cookieconsent.min.js]
[cdn.amplitude.com/libs/amplitude-4.1.1-min.gz.js]
[www.universe.com/multiverse/assets/vendor-739f3f91312aec5d78418862c751edfa.js]
[www.universe.com/multiverse/assets/multiverse-a887e11819851519fde4e5ac061ecf1e.js]
[www.universe.com/sign-in1b44.html]
[www.universe.com/sign-in.html]
[www.googletagmanager.com/gtm5445.html]
[cdn.jsdelivr.net/npm/swiper@11/swiper-bundle.min.css]
[www.universe.com/dashboard.html]
[www.universe.com/create.html]
[www.universe.com/features-optimize.html]
[www.universe.com/features-scan.html]
[cdn.prod.website-files.com/64628d0a55b289f26f93662f/66310d85b27d609fbc04a688_646ccf7024dacc8652ec79ed_Heropromote 1.jpg]
[www.universe.com/features.html]
[cdn.prod.website-files.com/64628d0a55b289f26f93662f/6756bb4a46c955cc75808494_Attractions Blue 1.png]
[cdn.prod.website-files.com/64628d0a55b289f26f93662f/6758e8e2114de15a7b74cd26_art exhibition 2.png]
[cdn.prod.website-files.com/64628d0a55b289f26f93662f/675b1cee56ee4b4f897b7d85_brick fest 2 1.png]
[cdn.prod.website-files.com/64628d0a55b289f26f93662f/6758e8e2a6df411a71e5369e_holiday market 1.png]
[cdn.prod.website-files.com/64628d0a55b289f26f93662f/675b1cefd198eb7182a84ec1_friends experience 2 (from website) 1.png]
[cdn.prod.website-files.com/64628d0a55b289f26f93662f/6758e8e2c2aa3b2ee4aad357_fireworks 2.png]
[cdn.prod.website-files.com/64628d0a55b289f26f93662f/675b2e8c7424c0700267d582_art exhibition.png]
[cdn.prod.website-files.com/64628d0a55b289f26f93662f/675b1d724dcfbdcac88a9846_stock 1 1.png]
[cdn.prod.website-files.com/64628d0a55b289f26f93662f/675b1cf066245d871eeeeeb8_phantom peak 3 1.png]
[cdn.prod.website-files.com/64628d0a55b289f26f93662f/675b1ceea36756b7f7a7ac5b_stock 3 1.png]
[cdn.prod.website-files.com/64628d0a55b289f26f93662f/675c710a558db99a8c879784_brick fest live horizontal.png]
[cdn.prod.website-files.com/64628d0a55b289f26f93662f/675c710a0bf6ee46c65c6172_Phantom-Peak-Logo.png]
[cdn.prod.website-files.com/64628d0a55b289f26f93662f/675c710949c5f242ee7533fa_illusionaries eye.png]
[cdn.prod.website-files.com/64628d0a55b289f26f93662f/675c7109c143e5abed4f864b_jurassic quest.png]
[cdn.prod.website-files.com/64628d0a55b289f26f93662f/675b1b50d84aa65a1a9acda1_the friends experience.jpg]
[cdn.prod.website-files.com/64628d0a55b289f26f93662f/674841b3dce8dc12e3e2b84c_Frame 2121452603.png]
[cdn.prod.website-files.com/64628d0a55b289f26f93662f/6758e4947e8084f2308eb1c3_Group 1000005338 (1).png]
[cdn.prod.website-files.com/64628d0a55b289f26f93662f/675b202564a5004e1b45e3b2_groupon (2) 1.png]
[cdn.prod.website-files.com/64628d0a55b289f26f93662f/675b2025a9b7024f4db6c67e_Layer 2-1.png]
[cdn.prod.website-files.com/64628d0a55b289f26f93662f/675b20254cbd4db1e7b85e7e_Layer 2-2.png]
[cdn.prod.website-files.com/64628d0a55b289f26f93662f/6756de89ab3682168ae5b449_redeam.png]
[cdn.prod.website-files.com/64628d0a55b289f26f93662f/675b20295b5f967467200fb9_Layer 1-1.png]
[cdn.prod.website-files.com/64628d0a55b289f26f93662f/675b2025581fead8ab89598d_Layer 1-2.png]
[cdn.prod.website-files.com/64628d0a55b289f26f93662f/675b2029fe6a4c78ea012801_Layer 1.png]
[cdn.prod.website-files.com/64628d0a55b289f26f93662f/67863f452c80250a9b7d2b8e_Layer 1 (1).png]
[cdn.prod.website-files.com/64628d0a55b289f26f93662f/67863f28218b953505ff6c2c_Layer 1.png]
[cdn.prod.website-files.com/64628d0a55b289f26f93662f/67863f5ed68e8b6c1ddcd01e_Layer 2.png]
[cdn.prod.website-files.com/64628d0a55b289f26f93662f/675b20291255acc94abcd897_image 14.png]
[cdn.prod.website-files.com/64628d0a55b289f26f93662f/6758e49b317e7607c5940501_image 2 (1).png]
[cdn.prod.website-files.com/64628d0a55b289f26f93662f/675ab95ca7778b67a124774b_image 12.png]
[cdn.prod.website-files.com/64628d0a55b289f26f93662f/675ab95a86837121e22d83fb_image 9.png]
[cdn.prod.website-files.com/64628d0a55b289f26f93662f/675ab95ab111a9606e3654af_image 5.png]
[cdn.prod.website-files.com/64628d0a55b289f26f93662f/675ab95cd3323aaa4bee3d73_image 13.png]
[cdn.prod.website-files.com/64628d0a55b289f26f93662f/675aba922be3d49d80efa4dc_image (5).png]
[cdn.prod.website-files.com/64628d0a55b289f26f93662f/675ab95a58c0623058b5fb47_image 6.png]
[cdn.prod.website-files.com/64628d0a55b289f26f93662f/675ab95af1f7ea944d496eee_image 11.png]
[cdn.prod.website-files.com/64628d0a55b289f26f93662f/675ab95a412e7aa53b04f33b_image 4.png]
[cdn.prod.website-files.com/64628d0a55b289f26f93662f/675ab95a1a3fa68b55a52a43_image 7.png]
[cdn.prod.website-files.com/64628d0a55b289f26f93662f/675ab95a521c9ebda6519fb9_image 8.png]
[cdn.prod.website-files.com/64628d0a55b289f26f93662f/6758e49d66d0d7395ac33279_amplify image.png]
[cdn.prod.website-files.com/64628d0a55b289f26f93662f/6758cabd9914eca37e085e10_Image.png]
[cdn.prod.website-files.com/64628d0a55b289f26f93662f/6758ca6d03ed1041704b622b_Avatar.png]
[cdn.prod.website-files.com/64628d0a55b289f26f93662f/675772592957de834167f86f_Embeddable Widgets (1).png]
[cdn.prod.website-files.com/64628d0a55b289f26f93662f/67486375a8a65de73f28110a_Iphone 15.png]
[cdn.prod.website-files.com/64628d0a55b289f26f93662f/67622d38aa9bf8435cae3b72_embeddable widget time.png]
[cdn.prod.website-files.com/64628d0a55b289f26f93662f/6762fed3cd02f029322d0127_checkout filter v1.png]
[cdn.prod.website-files.com/64628d0a55b289f26f93662f/67622d389230f78408bb2586_vip upgrade v1 time.png]
[cdn.prod.website-files.com/64628d0a55b289f26f93662f/67622d37b198495f739120a6_custom questions v1 time.png]
[cdn.prod.website-files.com/64628d0a55b289f26f93662f/67622d380913352de3896040_ticket delivery v2 time.png]
[cdn.prod.website-files.com/64628d0a55b289f26f93662f/6717b653a4138a8ffd8ccf9e_audience-1853662_1280 1.png]
[cdn.prod.website-files.com/64628d0a55b289f26f93662f/675709ded0c7ea4587419a2a_Frame 2121452615.png]
[cdn.prod.website-files.com/64628d0a55b289f26f93662f/675709de615d9efe96197870_Frame 2121452615-1.png]
[cdn.prod.website-files.com/64628d0a55b289f26f93662f/675709deb11399472d2e860d_Frame 2121452616.png]
[cdn.prod.website-files.com/64628d0a55b289f26f93662f/67585c252b6d04196dcc77c5_Frame 2121452615.png]
[cdn.prod.website-files.com/64628d0a55b289f26f93662f/6758ceefa3fdffed7561b9b2_Frame 2121452616.png]
[cdn.prod.website-files.com/64628d0a55b289f26f93662f/675709df1f0020829e9a37c4_Frame 2121452615-3.png]
[cdn.prod.website-files.com/64628d0a55b289f26f93662f/6757613fd20343da480f2481_brick fest 1.png]
[cdn.prod.website-files.com/64628d0a55b289f26f93662f/6757528487c5a14dfc1e1ad3_Image.png]
[cdn.prod.website-files.com/64628d0a55b289f26f93662f/6757523def90af662dfb8d54_the friends experience 1.png]
[www.universe.com/attractions.html]
[cdn.prod.website-files.com/64628d0a55b289f26f93662f/6814c51d8bf88af7dcc3ebe9_1-poster-00001.jpg]
[cdn.prod.website-files.com/64628d0a55b289f26f93662f/6814c598abd59c406526e760_2-poster-00001.jpg]
[cdn.prod.website-files.com/64628d0a55b289f26f93662f/6814c59d1720c6802c279be3_3-poster-00001.jpg]
[cdn.prod.website-files.com/64628d0a55b289f26f93662f/67fe5aac37898366da4c9cb1_hackney church logo black 1.png]
[cdn.prod.website-files.com/64628d0a55b289f26f93662f/67fe5aacc39a459a65059a4e_trap karaoke 1.png]
[cdn.prod.website-files.com/64628d0a55b289f26f93662f/67fe5aad46d7d2954ef5452f_old world biergarten 1.png]
[cdn.prod.website-files.com/64628d0a55b289f26f93662f/67fe5aac1a8d430cb1c663a4_soul mama logo 1.png]
[cdn.prod.website-files.com/64628d0a55b289f26f93662f/67fe5aac6d6fe791af3a9521_the great escape 1.png]
[cdn.prod.website-files.com/64628d0a55b289f26f93662f/67fe5ab13a4d1b4e69d98e90_club 3 white 1.png]
[cdn.prod.website-files.com/64628d0a55b289f26f93662f/67fe5aacd10b1e89bc650142_gruener jaeger white 1.png]
[cdn.prod.website-files.com/64628d0a55b289f26f93662f/67fe64bc39089d13103c8311_evvnt.png]
[cdn.prod.website-files.com/64628d0a55b289f26f93662f/67fe64bab2da04df37957d93_songkick.png]
[cdn.prod.website-files.com/64628d0a55b289f26f93662f/67fe64bab386e7e2dd233c69_bandsintown (1).png]
[cdn.prod.website-files.com/64628d0a55b289f26f93662f/6814af23d68a8381432194f8_unation.png]
[cdn.prod.website-files.com/64628d0a55b289f26f93662f/67fe64ba7e09c68220af1e56_youtube.png]
[cdn.prod.website-files.com/64628d0a55b289f26f93662f/6814af6daa53468fd694a83b_tiktok.png]
[cdn.prod.website-files.com/64628d0a55b289f26f93662f/67fe64bab4760ba88c3296f1_discotech.png]
[cdn.prod.website-files.com/64628d0a55b289f26f93662f/67fe64ba8d904fd8a216ba6d_seated.png]
[cdn.prod.website-files.com/64628d0a55b289f26f93662f/680f735b40da22ef403cd630_Image.png]
[cdn.prod.website-files.com/64628d0a55b289f26f93662f/6834182262e6ea2f03c1aab2_emmma_waitlist.png]
[cdn.prod.website-files.com/64628d0a55b289f26f93662f/6809addf941d06f2b4181f85_2.png]
[cdn.prod.website-files.com/64628d0a55b289f26f93662f/6809addf11fce3db0bf072ea_3.png]
[cdn.prod.website-files.com/64628d0a55b289f26f93662f/6809addfd9892484a863c6f6_4.png]
[cdn.prod.website-files.com/64628d0a55b289f26f93662f/6809addfb234ea6dbe01e613_5.png]
[cdn.prod.website-files.com/64628d0a55b289f26f93662f/6809addfff3244c4c3609fb7_6.png]
[cdn.prod.website-files.com/64628d0a55b289f26f93662f/68246a58a799aca23a921f77_apple wallet emmma 2.png]
[cdn.prod.website-files.com/64628d0a55b289f26f93662f/67fe6e33054f6d3f723c20c1_Frame 2121452618 (1).png]
[cdn.prod.website-files.com/64628d0a55b289f26f93662f/681b63e0cff993faa48cd259_soul mama logo white 1.png]
[www.universe.com/clubs.html]
[www.universe.com/events/hilltap-festival-tickets-NDW9JB.html]
[cdn.prod.website-files.com/64628d0a55b289f26f936654/686bfd30865904be130f681b_hilltap festival.jpg]
[www.universe.com/events/double-header-port-melbourne-vs-casey-demons-northern-bullants-vflw-vfl-tickets-2N67LFb367.html]
[cdn.prod.website-files.com/64628d0a55b289f26f936654/6852d76322d31675f712c624_double header.jpg]
[www.universe.com/events/9th-annual-anime-nyc-afterparty-tickets-W4S6YXb367.html]
[cdn.prod.website-files.com/64628d0a55b289f26f936654/6852d81eab05254127c968a3_anime nyx.jpg]
[www.universe.com/events/bord-gais-energy-gaa-legends-tour-of-croke-park-with-diarmaid-marsden-tickets-PC501Kb367.html]
[cdn.prod.website-files.com/64628d0a55b289f26f936654/6810faf73adb8eb772e4440b_bord gàis.jpg]
[www.universe.com/events/michele-henderson-tickets-1XLCVZb367.html]
[cdn.prod.website-files.com/64628d0a55b289f26f936654/68658f64a9b549a4a9c28b3f_michele henderson.jpg]
[www.universe.com/events/saoirse-casey-live-in-lucan-aug-29-tickets-RX6JHDb367.html]
[cdn.prod.website-files.com/64628d0a55b289f26f936654/6852d7bf0fd8aa2f69bbbe0e_saoirse.jpg]
[www.universe.com/events/summer-concert-series-andy-grammer-tickets-FN5TB9b367.html]
[cdn.prod.website-files.com/64628d0a55b289f26f936654/67eb021e5bfb7a6768e67057_andy grammer.jpg]
[www.universe.com/events/duckwrth-all-american-freak-show-tour-tickets-R796G5b367.html]
[cdn.prod.website-files.com/64628d0a55b289f26f936654/6837184f61d83699133ecb4f_duckwrth.jpg]
[www.universe.com/events/smoke-and-fire-festival-ascot-25-tickets-CXPDHRb367.html]
[cdn.prod.website-files.com/64628d0a55b289f26f936654/67eb02589b1a88cf3610d972_smoke & fire.png]
[www.universe.com/events/espectaculo-flamenco-en-cafe-ziryab-madrid-tickets-QZ0T8Xb367.html]
[cdn.prod.website-files.com/64628d0a55b289f26f936654/67eb03bf123550d45a5dd10d_flamenco 2.png]
[www.universe.com/events/r-b-only-live-montclair-nj-10-year-anniversary-tickets-2CHG1Wb367.html]
[cdn.prod.website-files.com/64628d0a55b289f26f936654/683717dd44c5c330a302297c_r&b only nj.jpg]
[www.universe.com/events/drag-brunch-at-hamburger-marys-tickets-L20XGTb367.html]
[cdn.prod.website-files.com/64628d0a55b289f26f936654/667b1aa6a1e6e2afaf97a577_hamburger mary's drag brunch.png]
[www.universe.com/discover.html]
[www.universe.com/explore.html]
[www.universe.com/assets/apple-touch-icon-57x57-46eb0194918706c8f05be751415fffdfa36b3c4b465cfc37388060eaaf91ac23.png]
[www.universe.com/assets/apple-touch-icon-114x114-e8ca060282bd1367fab93887aa2c3ea5d6a0e34eb63cd2d45998355741785dc9.png]
[www.universe.com/assets/apple-touch-icon-72x72-08773f9c28002751f2d1185aa188e9ffe7bf819d5dbae31da53f2e18cd07d896.png]
[www.universe.com/assets/apple-touch-icon-144x144-b6df4c6c0fd94b82a4e2791c9e53ece57211025f209f30ea6684cc8f3adfa152.png]
[www.universe.com/assets/apple-touch-icon-120x120-db43cfd1eb1195a0f3a4c1a1b8a89a22d331e0be5d58817b6f664239cc718c99.png]
[www.universe.com/assets/apple-touch-icon-152x152-24b6e98d7b65e25d2fe15cd87aa68726fec55bbf7d81fcefbb90323208f64ace.png]
[www.universe.com/assets/favicon-32x32-6b7ffaf8d3728ee7c3108e0e7e9a5fe73f24025904320a399073d2c8a6155660.png]
[www.universe.com/assets/favicon-16x16-32498179c77496a39f18d7889bdd744d58a7ad1b8a6cb695ab63ea7fca94a18a.png]
[cdnjs.cloudflare.com/ajax/libs/select2/4.0.4/css/select2.min.css]
[cdnjs.cloudflare.com/ajax/libs/toastr.js/latest/toastr.min.css]
[www.universe.com/sign-up.html]
[www.universe.com/assets/static/pricing/hero-6da4add6274569edbb7e9191a8dc9a8f2f897c993930ea40db105a09bee11104.jpg]
[www.universe.com/assets/static/pricing/pricing__tier-launch-b4f8bd046b91cb858408b9743cb3a4956dfb156ab5f08c8fb96b1bea1682956e.png]
[www.universe.com/assets/static/pricing/pricing__tier-grow-fca42207b17f624ad8f92fab9b971b288f49278f41a71d87aeecb30dd2a8f504.png]
[www.universe.com/assets/static/pricing/pricing__tier-branch-fec5887d0acdd55a6121525f5d7b378b16560fb23258320b091cdafe0f6cd397.png]
[www.universe.com/assets/emails/milkyway/event-done-71e6eb5f9143b029134b5d779ac3f947b66b886d0133e18a79f292bb37d30481.png]
[www.universe.com/assets/static/pricing/find-more-384351975bc7d1b88061b0796e64cd39c0b99496410aff66dc1d40cd2a44b783.png]
[www.universe.com/contact-us.html]
[ajax.googleapis.com/ajax/libs/jquery/1.10.2/jquery.min.js]
[www.universe.com/assets/app/static-ec11af5baba9ab4d4098f7847b97a984a4c9b4029491c95389608eeafa5d98bf.js]
[cdnjs.cloudflare.com/ajax/libs/toastr.js/latest/toastr.min.js]
[www.universe.com/pricing.html]
[www.universe.com/sign-inc3d2.html]
[cdnjs.cloudflare.com/ajax/libs/select2/4.0.4/js/select2.min.js]
[www.universe.com/sign-inbc9c.html]
[www.universe.com/sign-upc3d2.html]
[www.google.com/recaptcha/api.js]
[www.universe.com/partner-with-us.html]
[www.universe.com/features-convert.html]
[www.universe.com/features-create.html]
[cdn.prod.website-files.com/64628d0a55b289f26f93662f/677c5086ede7b98f6681ba64_promote one phone.png]
[cdn.prod.website-files.com/64628d0a55b289f26f93662f/6751f8fdc3fe01ba2a46ecea_promote replacement asset-min (1) (1) (1).png]
[cdn.prod.website-files.com/655b54d157a7cfacc769106a/65afff281a6aab36d008da8e_64628d0a55b289f26f936798_icon-google-chart.png]
[cdn.prod.website-files.com/655b54d157a7cfacc769106a/65afff044a7298e9c98da118_649213642b3a7b8c513d7504_facebookpixel.png]
[cdn.prod.website-files.com/655b54d157a7cfacc769106a/65afff03d74f939325af27df_649213aa0981ada483f6b0e3_tradeable.png]
[cdn.prod.website-files.com/655b54d157a7cfacc769106a/65afff03901918b927587de7_64628d0a55b289f26f9367ea_audience republic.png]
[www.universe.com/features-promote.html]
[cdn.prod.website-files.com/655b54d157a7cfacc769106a/65b260a38002b700c5700f63_64628d0a55b289f26f9366f1_group_couches.jpg]
[cdn.prod.website-files.com/655b54d157a7cfacc769106a/65b2616f07cbf8821c816faa_64628d0a55b289f26f93670a_adam-north=.png]
[cdn.prod.website-files.com/655b54d157a7cfacc769106a/65b2616f8002b700c570e2d7_64628d0a55b289f26f936712_team-retreat.png]
[cdn.prod.website-files.com/655b54d157a7cfacc769106a/65b2620534f968e279c4b06e_64628d0a55b289f26f93670f_team-on-patio.png]
[cdn.prod.website-files.com/655b54d157a7cfacc769106a/65b2620688f31640fa77baa8_64628d0a55b289f26f93670e_team-on-patio-alt.png]
[cdn.prod.website-files.com/655b54d157a7cfacc769106a/65b265466da905b2bf5dec6c_6495d48cc79b7e4ca44213b5_B.png]
[cdn.prod.website-files.com/64628d0a55b289f26f93662f/663113785aed23befab689bf_6495cf2dc79b7e4ca43b4c04_Placeholder Photo.png]
[cdn.prod.website-files.com/655b54d157a7cfacc769106a/65b266b1791b9671dca88004_64628d0a55b289f26f9366fc_mark-marissa.jpg]
[cdn.prod.website-files.com/655b54d157a7cfacc769106a/65b2676aa828dcae46a38f10_64628d0a55b289f26f9366ff_make-it-gr.png]
[cdn.prod.website-files.com/655b54d157a7cfacc769106a/65b2676adbfc2fd9bed20d3c_64628d0a55b289f26f9366fd_take-.png]
[cdn.prod.website-files.com/655b54d157a7cfacc769106a/65b2676ad1914710cff340ef_64628d0a55b289f26f936708_make-it-happen.png]
[cdn.prod.website-files.com/655b54d157a7cfacc769106a/65b2676bc4640ddce6b0e0e8_64628d0a55b289f26f936703_grow-every-day.png]
[cdn.prod.website-files.com/655b54d157a7cfacc769106a/65b2676a2fd03ce5743442de_64628d0a55b289f26f9366f5_better-together-.png]
[cdn.prod.website-files.com/655b54d157a7cfacc769106a/65b2676a52d89d91504cfb56_64628d0a55b289f26f9366fe_have-empathy.png]
[www.universe.com/about.html]
[cdn.prod.website-files.com/64628d0a55b289f26f93662f/663113c237dd90cf37585196_6495f3f426d1419db50cab8a_Placeholder Image2.png]
[cdn.prod.website-files.com/64628d0a55b289f26f93662f/663113c337dd90cf375851c4_64628d0a55b289f26f9366d1_universe-office.png]
[www.universe.com/careers.html]
[www.universe.com/contact-us/demo.html]
[www.universe.com/terms.html]
[cdn.prod.website-files.com/64628d0a55b289f26f93662f/js/universe-static.a24a5ed3.03779d30816603a0.js]
[www.universe.com/terms-of-use.html]
[www.universe.com/privacy.html]
[www.universe.com/cookies.html]
[www.universe.com/multiverse/assets/select2-2ca61b76e22053571dd8611e5aac4900.png]
[www.universe.com/multiverse/assets/select2-spinner-7b9776076d5fceef4993b55c9383dedd.gif]
[www.universe.com/multiverse/assets/select2x2-49e3f006018662f60f1db2aec0b2cca9.png]
[www.universe.com/multiverse/assets/vendor-0bfc93c1b0e23eba333d2f2ecda96177.css]
[www.universe.com/multiverse/fonts/bootstrap/glyphicons-halflings-regulard41d.html]
[www.universe.com/multiverse/fonts/bootstrap/glyphicons-halflings-regular.html]
[www.universe.com/fonts/Graphik/Graphik-Regular-Web.eot]
[www.universe.com/fonts/Graphik/Graphik-Regular-Web.woff2]
[www.universe.com/fonts/Graphik/Graphik-Regular-Web.woff]
[www.universe.com/fonts/Graphik/Graphik-Medium-Web.eot]
[www.universe.com/fonts/Graphik/Graphik-Medium-Web.woff2]
[www.universe.com/fonts/Graphik/Graphik-Medium-Web.woff]
[www.universe.com/fonts/Circular-Pro-subsetted/lineto-circular-pro-book.eot]
[www.universe.com/fonts/Circular-Pro-subsetted/lineto-circular-pro-book.woff2]
[www.universe.com/fonts/Circular-Pro-subsetted/lineto-circular-pro-book.woff]
[www.universe.com/fonts/Circular-Pro-subsetted/lineto-circular-pro-medium.eot]
[www.universe.com/fonts/Circular-Pro-subsetted/lineto-circular-pro-medium.woff2]
[www.universe.com/fonts/Circular-Pro-subsetted/lineto-circular-pro-medium.woff]
[www.universe.com/fonts/Circular-Pro-subsetted/lineto-circular-pro-bold.eot]
[www.universe.com/fonts/Circular-Pro-subsetted/lineto-circular-pro-bold.woff2]
[www.universe.com/fonts/Circular-Pro-subsetted/lineto-circular-pro-bold.woff]
[www.universe.com/multiverse/assets/images/components/alerts/warning@2x-ba5c62e05769b1f3132b84840b50f750.png]
[www.universe.com/multiverse/assets/images/arrow-right-8f5235cbef367cef9f5f590496ca2aa5.svg]
[www.universe.com/multiverse/assets/images/arrow-left-e2affbc42f9e0bc0b36470aa1618c67c.svg]
[www.universe.com/multiverse/assets/images/arrow_up-635ef7f006afae25517e2c2e5db741b2.svg]
[www.universe.com/multiverse/assets/images/arrow_down-8adba3130ee4c554884ab9696ea78587.svg]
[www.universe.com/multiverse/assets/images/components/slide-bar/powered-by-universe-e130a2db1ed098c0599a6ae0413455ba.svg]
[www.universe.com/multiverse/assets/images/components/slide-bar/slide-bar-background-b4ff45d95da654965ece456bb0d8b332.jpg]
[www.universe.com/multiverse/assets/images/components/form-control/dropdown-caret-new-de1f0f44248f0ff24a7e4809d693bebd.svg]
[www.universe.com/multiverse/assets/images/components/withdrawals/step1@2x-c2081da8a1f939f25b8089f18e259be0.png]
[www.universe.com/multiverse/assets/images/components/withdrawals/step1_on@2x-0fc8be0fea2df5d68aac9e31f0bee957.png]
[www.universe.com/multiverse/assets/images/components/withdrawals/step2@2x-aa5012930153b7f97509e531bdf7c0b1.png]
[www.universe.com/multiverse/assets/images/components/withdrawals/step2_on@2x-2749a9cf761e0732898de6bcb34b064c.png]
[www.universe.com/multiverse/assets/images/components/withdrawals/step3@2x-6633b5490dffb4c08d1e3e0fc89a044a.png]
[www.universe.com/multiverse/assets/images/components/withdrawals/step4@2x-f18a5850da953bedd5f4208f8c38dda0.png]
[www.universe.com/multiverse/assets/images/flags/flag-usd-9a372d1573084e9ad7a0e3a9fcab9580.png]
[www.universe.com/multiverse/assets/images/flags/flag-cad-e96a466d41fedbf3d2f8d00977a48206.png]
[www.universe.com/multiverse/assets/images/flags/flag-eur-9dc199909d197207958056c6964044b7.png]
[www.universe.com/multiverse/assets/images/flags/flag-gbp-bdf0a13cc57834281b3106b9695a81f1.png]
[www.universe.com/multiverse/assets/images/flags/flag-aud-9556e4279081263d7918c7806a9c8d32.png]
[www.universe.com/multiverse/assets/images/flags/flag-nzd-5030e6d54c1772e52ba30513ad89caeb.png]
[www.universe.com/multiverse/assets/images/flags/flag-brl-c28a20c2533fd35323fa9f02d90517d3.png]
[www.universe.com/multiverse/assets/images/flags/flag-chf-0e6d9132a74dc332717e52058effc9ca.png]
[www.universe.com/multiverse/assets/images/flags/flag-dkk-f230e30035155356c4ff54ec8749fca0.png]
[www.universe.com/multiverse/assets/images/flags/flag-nok-860753c1ecacaafd84aed8d18d8b2cdc.png]
[www.universe.com/multiverse/assets/images/flags/flag-sek-677efb10e0c3b622d5bd06369c632049.png]
[www.universe.com/multiverse/assets/images/flags/flag-ire-a8f651f1a656e5b55ba1e1d8f3d2bc01.png]
[www.universe.com/multiverse/assets/images/flags/flag-hkd-41d573eea1e1ffc7d55bf26d1120bf82.png]
[www.universe.com/multiverse/assets/images/flags/flag-mxn-099e501fb7e678dc57207dec0f6aa437.png]
[www.universe.com/multiverse/assets/images/flags/flag-jpy-39e7cf4122461bf9bc7be2c5b2e808f9.png]
[www.universe.com/multiverse/assets/images/flags/flag-sgd-057d57352788d3654caa106d92ee2f0f.png]
[www.universe.com/multiverse/assets/images/templates/index/tickets-2a8434750de5e4e2077881933385b4f8.gif]
[www.universe.com/multiverse/assets/images/components/cost-item-stub/qr-code-border-19dacfffa0f8480063d8780e91e7bb12.png]
[www.universe.com/multiverse/assets/images/mw-checkbox-not-checked-5d823c8cc433b2fc68ebabf2e2690ac4.svg]
[www.universe.com/multiverse/assets/images/mw-checkbox-checked-ed2b8a73588e261cd876c9f87282958b.svg]
[www.universe.com/multiverse/assets/images/mw-checkbox-error-16e0c42077af10f773afa630f3130ce1.svg]
[www.universe.com/multiverse/assets/images/blue-arrow-down-e3b0ac2e1192df011ca55b7696cc2112.svg]
[www.universe.com/multiverse/assets/images/templates/index/cover-5bf4ae617295818e78fefa63c08eb9b1.jpg]
[www.universe.com/multiverse/assets/images/templates/index/categories/social-a0b25a87d07dce8ac2e24987a194e8cf.jpg]
[www.universe.com/multiverse/assets/images/templates/index/categories/music-83367ddcdd0cb088b4148a19fcf0b39b.jpg]
[www.universe.com/multiverse/assets/images/templates/index/categories/technology-22b1fddaad61d73df645018b8be0646f.jpg]
[www.universe.com/multiverse/assets/images/templates/index/categories/performances-dfc908eda5a63a550a311fd3f15091cb.jpg]
[www.universe.com/multiverse/assets/images/templates/index/categories/comedy-0cd7fac043ce7ad78a97b51ca6de4b09.jpg]
[www.universe.com/multiverse/assets/images/templates/index/categories/business-148add6ca3ab6f2dbc04a4e50dedf411.jpg]
[www.universe.com/multiverse/assets/images/templates/index/categories/fashion-5008570618ddd2d510db08f792b338d6.jpg]
[www.universe.com/multiverse/assets/images/templates/index/categories/food-6c05c282ea76c62b4794f2157f482083.jpg]
[www.universe.com/multiverse/assets/images/templates/index/categories/crafts-8925803faabf1938be2199225fb354c7.jpg]
[www.universe.com/multiverse/assets/images/templates/index/categories/sports-f917b993c2ea9e4aaf98b08cf588b901.jpg]
[www.universe.com/multiverse/assets/images/templates/index/categories/galleries-60f079fba61e52ebe79a0e38fc52113c.jpg]
[www.universe.com/multiverse/assets/images/templates/index/categories/film-dd5c7f70af2a406ee8bb069c96ec0400.jpg]
[www.universe.com/multiverse/assets/images/templates/index/logos/logos-d4e15f4af0e48a0babd45eab6a100f9d.svg]
[www.universe.com/multiverse/assets/images/templates/index/logos/logos-mob-97e836ddfd5c50ee45b9549f5c703703.svg]
[www.universe.com/multiverse/assets/images/components/form-control/dropdown-caret-794c3a734da4c7acc0ed189e5602a0ec.svg]
[www.universe.com/multiverse/assets/images/components/alerts/info-dark@2x-65ea6efcddfb40c609d35837990fac1b.png]
[www.universe.com/multiverse/assets/images/drag-handle-f486863e8e6da82f3f7cad856fea76d1.svg]
[www.universe.com/multiverse/assets/images/templates/listings/paypal-af058c2f6a31b1624509d4120f577fa0.svg]
[www.universe.com/multiverse/assets/images/templates/listings/universe-payments-19e86aa07f9ffeac5cc7ce8f6a4f7d9d.svg]
[www.universe.com/multiverse/assets/images/templates/listings/stripe-1695f92f888e15cde956db77474f695a.svg]
[www.universe.com/multiverse/assets/images/templates/modals/facebook-authorization/locked-4bdf19b42d3667e2ef8dcfd6adb98fe3.svg]
[www.universe.com/multiverse/assets/images/templates/modals/facebook-authorization/unlocked-025c67817f19d04c1e73d19b5fdd93cc.svg]
[www.universe.com/multiverse/assets/images/times-a9d2133d7180661f31d27e5c48f5d4e9.svg]
[www.universe.com/multiverse/assets/images/credit-cards/amex-84a8a7f8257ea0a632cefaf7ebc6fd91.svg]
[www.universe.com/multiverse/assets/images/credit-cards/dinersclub-35affee2cdd2a1e960d172e92e9fe401.svg]
[www.universe.com/multiverse/assets/images/credit-cards/discover-53572a40218f797d6c4ff0333162b6ec.svg]
[www.universe.com/multiverse/assets/images/credit-cards/mastercard-ed7dd932371d78ca9fdff9614adba054.svg]
[www.universe.com/multiverse/assets/images/credit-cards/visa-8e68c4cb8d20db98a4afa852027ba792.svg]
[www.universe.com/multiverse/assets/images/credit-cards/placeholder-991c8bdf5166089efc1549c46b25ce16.svg]
[www.universe.com/multiverse/assets/images/download-icon-blue-4c897cb4aa080430f01b5f127b0ca635.svg]
[www.universe.com/multiverse/assets/images/download-icon-white-6c6f37bffc0e775d33f6255a38ef7f04.svg]
[www.universe.com/multiverse/assets/images/mw-arrow-down-reversed-1ae88a74bfc2b51d0052ba5d2420559d.svg]
[www.universe.com/multiverse/assets/images/refresh-8bb28858456d0695ecbbf4a2a1e89929.svg]
[www.universe.com/multiverse/assets/images/templates/listings/checkmark-53be217b81b0c5dba60f7272576f6691.svg]
[www.universe.com/multiverse/assets/images/close-2ab31fe96af6f7c4f4131b951233bb10.jpg]
[www.universe.com/multiverse/assets/images/templates/dashboard/search-612638db209429c482299d0e3aa90efe.svg]
[www.universe.com/multiverse/assets/images/templates/ticket/receipt-border-b265473ab8256b730f957606aac791b0.png]
[www.universe.com/multiverse/assets/multiverse-c4b9354e1b21ebff4b0a706e17cfe03e.css]
[cdnjs.cloudflare.com/ajax/libs/cookieconsent2/3.0.3/cookieconsent.min.css]
[cdn.prod.website-files.com/655b54d157a7cfacc769106a/65b0f0d808856f331cedc79c_64628d0a55b289f26f93679a_team-members.png]
[cdn.prod.website-files.com/64628d0a55b289f26f93662f/67d2dd67c9692ccb4ee7e355_universe payouts logo.png]
[www.universe.com/features-optimize.html]
[cdn.prod.website-files.com/64628d0a55b289f26f93662f/64628d0a55b289f26f9367a1_boca_tickets-9882e868272d1fef7c882932630f8a6331a867a8c6503c1be2a2321bb62f3321.png]
[cdn.prod.website-files.com/64628d0a55b289f26f93662f/64931b130fca11e3f3d1dd57_App-Store-Button-transparent.png]
[cdn.prod.website-files.com/64628d0a55b289f26f93662f/64b7f53c5c1615697f6211d5_google-play-badge 1.png]
[www.universe.com/features-scan.html]
[www.universe.com/_https_/cdn.prod.website-files.com/64628d0a55b289f26f93662f/67576f15537066d7a7ce6568_Checkout Filters (1)-poster-00001.jpg_]
[www.universe.com/_https_/cdn.prod.website-files.com/64628d0a55b289f26f93662f/67576b64e69d2664d16d48c4_Ticket Upgarde-poster-00001.jpg_]
[www.universe.com/_https_/cdn.prod.website-files.com/64628d0a55b289f26f93662f/675769f7c2cf1ab5f1997917_Ticket Delivery-poster-00001.jpg_]
[www.universe.com/_https_/cdn.prod.website-files.com/64628d0a55b289f26f93662f/67487a8ebce4e3ab65afbbaa_checkout questions - Trim-poster-00001.jpg_]
[www.universe.com/_https_/cdn.prod.website-files.com/64628d0a55b289f26f93662f/67576a956d45dc5e6ff3dbfe_Custom Questions-poster-00001.jpg_]
[www.universe.com/_https_/cdn.prod.website-files.com/64628d0a55b289f26f93662f/680f8ac7550ecd51d481d26b_Universe Clubs Sizzle - 1-poster-00001.jpg_]
[www.universe.com/_https_/cdn.prod.website-files.com/64628d0a55b289f26f93662f/6814c51d8bf88af7dcc3ebe9_1-poster-00001.jpg_]
[www.universe.com/_https_/cdn.prod.website-files.com/64628d0a55b289f26f93662f/6814c598abd59c406526e760_2-poster-00001.jpg_]
[www.universe.com/_https_/cdn.prod.website-files.com/64628d0a55b289f26f93662f/6814c59d1720c6802c279be3_3-poster-00001.jpg_]
[www.universe.com/_https_/cdn.prod.website-files.com/64628d0a55b289f26f93662f/6809aeef8b8009b34b22c3a6_Emma - Universe-poster-00001.jpg_]
[www.universe.com/fan/41.166ed9f06de22b56ceda.js]
[www.universe.com/fan/main.166ed9f06de22b56ceda.js]
[www.universe.com/events/hilltap-festival-tickets-NDW9JB.html]
[www.universe.com/events/double-header-port-melbourne-vs-casey-demons-northern-bullants-vflw-vfl-tickets-2N67LFb367.html]
[www.universe.com/events/9th-annual-anime-nyc-afterparty-tickets-W4S6YXb367.html]
[www.universe.com/events/bord-gais-energy-gaa-legends-tour-of-croke-park-with-diarmaid-marsden-tickets-PC501Kb367.html]
[www.universe.com/events/michele-henderson-tickets-1XLCVZb367.html]
[www.universe.com/events/saoirse-casey-live-in-lucan-aug-29-tickets-RX6JHDb367.html]
[www.universe.com/events/summer-concert-series-andy-grammer-tickets-FN5TB9b367.html]
[www.universe.com/events/duckwrth-all-american-freak-show-tour-tickets-R796G5b367.html]
[www.universe.com/events/smoke-and-fire-festival-ascot-25-tickets-CXPDHRb367.html]
[www.universe.com/events/espectaculo-flamenco-en-cafe-ziryab-madrid-tickets-QZ0T8Xb367.html]
[www.universe.com/events/r-b-only-live-montclair-nj-10-year-anniversary-tickets-2CHG1Wb367.html]
[www.universe.com/events/drag-brunch-at-hamburger-marys-tickets-L20XGTb367.html]
[www.universe.com/explore.html]
[cdnjs.cloudflare.com/ajax/libs/select2/4.0.4/css/select2.min.css]
[www.universe.com/assets/alerts/success@2x-54ae3f6c1f8920068604b297e02fd186e9ae09d16f3a247f3e20d93354a720a7.png]
[www.universe.com/assets/alerts/info@2x-9880f000de18b2827c5458f82d62414e926f01eadb0eb97d3c6969d20cc5803d.png]
[www.universe.com/assets/alerts/warning@2x-6d7e1cbbc4603ddaef95cae81a0d75613cec60f7bb49a5cc5f374d2a12c9b82e.png]
[www.universe.com/assets/alerts/error@2x-4c4a78e2519a89ca89e00be9fd3bece6ed6eea6a5eb24897f23e989ed6197ccf.png]
[www.universe.com/assets/email/cancelled-wide-42bb356d2e6a950ff4b34f202435ec302540dc0b8447c4b9aa867db3cc10d573.png]
[www.universe.com/assets/passbook-e490a92e09e54aefc076806d78434a2120b0096eb756ad8752748cb407bcf439.png]
[www.universe.com/assets/milkyway-static-d8235efd5283e68750b66b79f11d2205a55003de4b44edc8661c7f12c6f16c55.css]
[cdnjs.cloudflare.com/ajax/libs/toastr.js/latest/toastr.min.css]
[www.universe.com/assets/hamburger-85a2c5040c0cd868cb554c4630facb22379f29c4b68dd97b77c5158dde8883dc.svg]
[www.universe.com/sign-up.html]
[www.universe.com/assets/static/pricing/checkmark-de10058e3f9274202b3006ced1fb914870df2444859d05155e5fa8672a836afb.svg]
[www.universe.com/assets/static/pricing/icon_arrow_down-8a297ac9f23119ad17e7a4fe9de8aa3fc007f3fe187eb0445a020b4e25f5f82e.svg]
[www.universe.com/assets/static/pricing/tooltip-3bfd68e9ec854154e031712e8e54df323e571c7c9e1ac6eca3ffb679ed3f775a.svg]
[www.universe.com/assets/static/pricing/grey_bullet-fe42f347b48ab086f94d0020e5b4b7556007366e44f73359b4120d233c45017e.svg]
[www.universe.com/contact-us.html]
[www.universe.com/multiverse/fonts/bootstrap/glyphicons-halflings-regular.eot]
[www.universe.com/multiverse/fonts/bootstrap/glyphicons-halflings-regulard41d.html]
[www.universe.com/multiverse/fonts/bootstrap/glyphicons-halflings-regular.html]
[www.universe.com/multiverse/fonts/bootstrap/glyphicons-halflings-regular.woff]
[www.universe.com/multiverse/fonts/bootstrap/glyphicons-halflings-regular.ttf]
[www.universe.com/multiverse/fonts/bootstrap/glyphicons-halflings-regular.svg]
[www.universe.com/multiverse/assets/images/logo.svg]
[www.universe.com/multiverse/assets/images/logo-white.svg]
[www.universe.com/multiverse/assets/images/arrow-right-8f5235cbef367cef9f5f590496ca2aa5.svg]
[www.universe.com/multiverse/assets/images/arrow-left-e2affbc42f9e0bc0b36470aa1618c67c.svg]
[www.universe.com/multiverse/assets/images/arrow_up-635ef7f006afae25517e2c2e5db741b2.svg]
[www.universe.com/multiverse/assets/images/arrow_down-8adba3130ee4c554884ab9696ea78587.svg]
[www.universe.com/multiverse/assets/images/components/slide-bar/powered-by-universe-e130a2db1ed098c0599a6ae0413455ba.svg]
[www.universe.com/multiverse/assets/images/components/form-control/dropdown-caret-new-de1f0f44248f0ff24a7e4809d693bebd.svg]
[www.universe.com/multiverse/multiverse/assets/images/flags/flag-nxd.png]
[www.universe.com/multiverse/assets/images/mw-checkbox-not-checked-5d823c8cc433b2fc68ebabf2e2690ac4.svg]
[www.universe.com/multiverse/assets/images/mw-checkbox-checked-ed2b8a73588e261cd876c9f87282958b.svg]
[www.universe.com/multiverse/assets/images/mw-checkbox-error-16e0c42077af10f773afa630f3130ce1.svg]
[www.universe.com/multiverse/assets/images/blue-arrow-down-e3b0ac2e1192df011ca55b7696cc2112.svg]
[www.universe.com/multiverse/assets/images/templates/index/logos/logos-d4e15f4af0e48a0babd45eab6a100f9d.svg]
[www.universe.com/multiverse/assets/images/templates/index/logos/logos-mob-97e836ddfd5c50ee45b9549f5c703703.svg]
[www.universe.com/multiverse/assets/images/components/form-control/dropdown-caret-794c3a734da4c7acc0ed189e5602a0ec.svg]
[www.universe.com/multiverse/assets/images/drag-handle-f486863e8e6da82f3f7cad856fea76d1.svg]
[www.universe.com/multiverse/assets/images/templates/listings/paypal-af058c2f6a31b1624509d4120f577fa0.svg]
[www.universe.com/multiverse/assets/images/templates/listings/universe-payments-19e86aa07f9ffeac5cc7ce8f6a4f7d9d.svg]
[www.universe.com/multiverse/assets/images/templates/listings/stripe-1695f92f888e15cde956db77474f695a.svg]
[www.universe.com/multiverse/assets/images/templates/modals/facebook-authorization/locked-4bdf19b42d3667e2ef8dcfd6adb98fe3.svg]
[www.universe.com/multiverse/assets/images/templates/modals/facebook-authorization/unlocked-025c67817f19d04c1e73d19b5fdd93cc.svg]
[www.universe.com/multiverse/assets/images/times-a9d2133d7180661f31d27e5c48f5d4e9.svg]
[www.universe.com/multiverse/assets/images/credit-cards/amex-84a8a7f8257ea0a632cefaf7ebc6fd91.svg]
[www.universe.com/multiverse/assets/images/credit-cards/dinersclub-35affee2cdd2a1e960d172e92e9fe401.svg]
[www.universe.com/multiverse/assets/images/credit-cards/discover-53572a40218f797d6c4ff0333162b6ec.svg]
[www.universe.com/multiverse/assets/images/credit-cards/mastercard-ed7dd932371d78ca9fdff9614adba054.svg]
[www.universe.com/multiverse/assets/images/credit-cards/visa-8e68c4cb8d20db98a4afa852027ba792.svg]
[www.universe.com/multiverse/assets/images/credit-cards/placeholder-991c8bdf5166089efc1549c46b25ce16.svg]
[www.universe.com/multiverse/assets/images/download-icon-blue-4c897cb4aa080430f01b5f127b0ca635.svg]
[www.universe.com/multiverse/assets/images/download-icon-white-6c6f37bffc0e775d33f6255a38ef7f04.svg]
[www.universe.com/multiverse/assets/images/mw-arrow-down-reversed-1ae88a74bfc2b51d0052ba5d2420559d.svg]
[www.universe.com/multiverse/assets/images/refresh-8bb28858456d0695ecbbf4a2a1e89929.svg]
[www.universe.com/multiverse/assets/images/templates/listings/checkmark-53be217b81b0c5dba60f7272576f6691.svg]
[www.universe.com/multiverse/assets/images/templates/dashboard/search-612638db209429c482299d0e3aa90efe.svg]
[www.universe.com/fan/main.166ed9f06de22b56ceda.css]
[www.universe.com/fonts/bootstrap/glyphicons-halflings-regular.eot]
[www.universe.com/fonts/bootstrap/glyphicons-halflings-regulard41d.eot]
[www.universe.com/fonts/bootstrap/glyphicons-halflings-regular.woff2]
[www.universe.com/fonts/bootstrap/glyphicons-halflings-regular.woff]
[www.universe.com/fonts/bootstrap/glyphicons-halflings-regular.ttf]
[www.universe.com/fonts/bootstrap/glyphicons-halflings-regular.svg]
[www.universe.com/assets/chosen-sprite.png]
[www.universe.com/assets/form-control/dropdown-caret-3b00ddb470e07b8c5938551890caec1020a175fd7ca6d5636e52f67ef73615fb.svg]
[www.universe.com/assets/help-mark/info-0d48c45fb47b9dbc6db1b3d4fb95bb6a99ce34e7523daa0d829fa2b8c28ec010.svg]
[www.universe.com/assets/logo/brand-primary-65bc92f187793f28024cc6313559fb6c260420a369ab5be73b2fbc44d3e2c9cd.svg]
[www.universe.com/assets/logo/brand-blue-19c27a9412161d6102c1503bde5bea39c99a048003366c78c5834407c85d1639.svg]
[www.universe.com/assets/search-bf81a94d074da80c989a2f4a2353e67d99d94ae9e7724171d7fd87ccd510702b.svg]
[www.universe.com/assets/map-d39033fea8fa4190b574edb52a8b18237837c47e3727734e202d2319de1af8ee.svg]
[www.universe.com/assets/list-dd96b06d995191df3297d581441a98ceeff99493c751f368884c69d072276b15.svg]
[www.universe.com/assets/close-54d548f6bd4a4473cf1f8666242395b884ce0c7c1005adf76d76cfad39a97d31.svg]
[www.universe.com/assets/chevron-d609bf646e6fd5659ed85fb32dc396f668bccb07945987b4aa85d0b9926b41b8.svg]
[www.universe.com/images/static/customers/hero.png]
[www.universe.com/images/static/boxoffice/app-store.svg]
[www.universe.com/images/static/boxoffice/google-play.svg]
[www.universe.com/assets/locked-e99c12816dfe089c4766b77e5f9bf89602555b04a81a61adbcca11c8e6dfad35.svg]
[www.universe.com/assets/unlocked-d753bd8165536fe158a067f70b69b094e09e856f3d74c9a43b8999ea765b0692.svg]
[www.universe.com/assets/listings/index/date-084d6a8efb8a37bcd583a15e1a6cac891c627522f91c3da89bdaa5b6acbd258a.svg]
[www.universe.com/assets/listings/index/map-8191e4aedc05b63324501151ba6c00e87a90f5de9152aa81f9a1bd9da773fdfa.svg]
[www.universe.com/assets/listings/index/money-49fb58f2744f7d732bb91bfad2f47c2ec7db02d30af58a0c3baf4bb0bb69dc61.svg]
[www.universe.com/assets/listings/index/map-marker-173121429c7d5456e61e0e15cdd555972ad14eab3a921324a7e8b1fdcb11b280.svg]
[www.universe.com/assets/static/pricing/arrow_down-c2636f868729bc88246a5984e42256e45223862c93929b5212d048a95b6b2499.svg]
[www.universe.com/static/marketing/red_bull/bottom_background.jpg]
[www.universe.com/images/static/sales/cover/header.svg]
[www.universe.com/images/static/sales/testimonials/clients-desktop.svg]
[www.universe.com/images/static/sales/testimonials/clients-mobile.svg]
[www.universe.com/images/static/sales/testimonials/testimonial-bg.svg]
[www.universe.com/images/static/sales/plan-and-execute/phone-bg.svg]
[www.universe.com/images/static/sales/plan-and-execute/phone-bg-mobile.svg]
[www.universe.com/images/static/sales/modal/close.svg]
[www.universe.com/images/static/sales/modal/close-hover.svg]
[embed.ticketmaster.com/tm.html]
[www.universe.com/sw.js]
